INFO "Program opened" from zGazz.<init>(BuzzGazz.java:53) time: 05:25:56,780
INFO "Program closed" from ndowClosing(BuzzGazz.java:263) time: 05:26:01,930
INFO "Program opened" from zGazz.<init>(BuzzGazz.java:53) time: 05:26:41,616
INFO "Program closed" from ndowClosing(BuzzGazz.java:263) time: 05:26:46,633
INFO "Program opened" from zGazz.<init>(BuzzGazz.java:53) time: 05:45:43,353
INFO "Program opened" from zGazz.<init>(BuzzGazz.java:54) time: 06:05:38,201
INFO "Program opened" from zGazz.<init>(BuzzGazz.java:55) time: 06:11:53,054
INFO "Program opened" from zGazz.<init>(BuzzGazz.java:55) time: 06:13:59,753
INFO "Program opened" from zGazz.<init>(BuzzGazz.java:55) time: 06:16:03,197
INFO "Program opened" from zGazz.<init>(BuzzGazz.java:55) time: 06:16:50,638
INFO "Program opened" from zGazz.<init>(BuzzGazz.java:55) time: 06:17:07,172
INFO "Program opened" from zGazz.<init>(BuzzGazz.java:55) time: 06:17:37,777
INFO "Program opened" from zGazz.<init>(BuzzGazz.java:55) time: 06:18:12,529
INFO "Program opened" from zGazz.<init>(BuzzGazz.java:55) time: 06:23:23,152
INFO "Program closed" from ndowClosing(BuzzGazz.java:273) time: 06:26:22,055
INFO "Program opened" from zGazz.<init>(BuzzGazz.java:55) time: 06:30:35,912
INFO "Program closed" from ndowClosing(BuzzGazz.java:273) time: 06:30:45,436
INFO "Program opened" from zGazz.<init>(BuzzGazz.java:55) time: 06:30:50,467
INFO "Program opened" from zGazz.<init>(BuzzGazz.java:55) time: 06:39:05,894
INFO "Program opened" from zGazz.<init>(BuzzGazz.java:55) time: 06:40:57,051
INFO "Program opened" from zGazz.<init>(BuzzGazz.java:55) time: 06:42:09,345
INFO "Program opened" from zGazz.<init>(BuzzGazz.java:55) time: 06:43:54,580
INFO "Program opened" from zGazz.<init>(BuzzGazz.java:55) time: 06:53:08,555
INFO "Program opened" from zGazz.<init>(BuzzGazz.java:55) time: 06:53:34,952
INFO "Program opened" from zGazz.<init>(BuzzGazz.java:55) time: 06:56:43,998
INFO "Program opened" from zGazz.<init>(BuzzGazz.java:55) time: 06:57:48,325
INFO "Program opened" from zGazz.<init>(BuzzGazz.java:55) time: 07:02:03,114
INFO "Program opened" from zGazz.<init>(BuzzGazz.java:55) time: 07:04:03,919
INFO "Program opened" from zGazz.<init>(BuzzGazz.java:55) time: 07:27:47,668
INFO "Program opened" from zGazz.<init>(BuzzGazz.java:55) time: 07:29:11,244
INFO "Program opened" from zGazz.<init>(BuzzGazz.java:55) time: 07:29:39,709
INFO "Program opened" from zGazz.<init>(BuzzGazz.java:55) time: 07:36:35,287
INFO "Program opened" from zGazz.<init>(BuzzGazz.java:55) time: 07:36:49,756
INFO "Program opened" from zGazz.<init>(BuzzGazz.java:55) time: 08:00:33,331
INFO "Program opened" from zGazz.<init>(BuzzGazz.java:55) time: 08:03:32,151
INFO "Program opened" from zGazz.<init>(BuzzGazz.java:55) time: 08:06:47,667
INFO "Program opened" from zGazz.<init>(BuzzGazz.java:55) time: 08:08:39,980
INFO "Program opened" from zGazz.<init>(BuzzGazz.java:55) time: 08:09:06,234
INFO "Program opened" from zGazz.<init>(BuzzGazz.java:55) time: 08:10:26,946
INFO "Program opened" from zGazz.<init>(BuzzGazz.java:55) time: 08:10:53,447
INFO "Program opened" from zGazz.<init>(BuzzGazz.java:55) time: 08:11:34,544
INFO "Program opened" from zGazz.<init>(BuzzGazz.java:55) time: 08:12:11,295
INFO "Program opened" from zGazz.<init>(BuzzGazz.java:55) time: 08:12:25,226
INFO "Program opened" from zGazz.<init>(BuzzGazz.java:55) time: 08:12:44,168
INFO "Program opened" from zGazz.<init>(BuzzGazz.java:55) time: 08:13:14,265
INFO "Program opened" from zGazz.<init>(BuzzGazz.java:55) time: 08:15:47,034
INFO "Program opened" from zGazz.<init>(BuzzGazz.java:55) time: 08:16:06,467
INFO "Program opened" from zGazz.<init>(BuzzGazz.java:55) time: 08:17:29,818
INFO "Program opened" from zGazz.<init>(BuzzGazz.java:55) time: 08:18:24,643
INFO "Program opened" from zGazz.<init>(BuzzGazz.java:55) time: 08:18:36,166
INFO "Program opened" from zGazz.<init>(BuzzGazz.java:55) time: 08:21:28,629
INFO "Program opened" from zGazz.<init>(BuzzGazz.java:55) time: 08:22:56,119
INFO "Program opened" from zGazz.<init>(BuzzGazz.java:55) time: 08:27:14,552
INFO "Program opened" from zGazz.<init>(BuzzGazz.java:55) time: 08:29:14,318
INFO "Program opened" from zGazz.<init>(BuzzGazz.java:55) time: 08:29:47,478
INFO "Program opened" from zGazz.<init>(BuzzGazz.java:55) time: 08:30:44,923
INFO "Program opened" from zGazz.<init>(BuzzGazz.java:55) time: 08:31:02,673
INFO "Program opened" from zGazz.<init>(BuzzGazz.java:55) time: 08:31:41,410
INFO "Program opened" from zGazz.<init>(BuzzGazz.java:55) time: 08:32:44,659
INFO "Program opened" from zGazz.<init>(BuzzGazz.java:55) time: 08:34:03,551
INFO "Program opened" from zGazz.<init>(BuzzGazz.java:55) time: 08:34:44,745
INFO "Program opened" from zGazz.<init>(BuzzGazz.java:55) time: 08:35:05,347
INFO "Program opened" from zGazz.<init>(BuzzGazz.java:55) time: 08:37:27,435
INFO "Program opened" from zGazz.<init>(BuzzGazz.java:55) time: 08:39:03,664
INFO "Program opened" from zGazz.<init>(BuzzGazz.java:55) time: 08:39:26,895
INFO "Program opened" from zGazz.<init>(BuzzGazz.java:55) time: 08:40:01,637
INFO "Program opened" from zGazz.<init>(BuzzGazz.java:55) time: 08:40:40,518
INFO "Program opened" from zGazz.<init>(BuzzGazz.java:55) time: 08:40:51,593
INFO "Program opened" from zGazz.<init>(BuzzGazz.java:55) time: 08:42:08,822
INFO "Program opened" from zGazz.<init>(BuzzGazz.java:55) time: 08:42:24,767
INFO "Program opened" from zGazz.<init>(BuzzGazz.java:55) time: 08:43:02,326
INFO "Program opened" from zGazz.<init>(BuzzGazz.java:55) time: 08:44:34,481
INFO "Program opened" from zGazz.<init>(BuzzGazz.java:55) time: 08:44:59,945
INFO "Program opened" from zGazz.<init>(BuzzGazz.java:55) time: 08:46:29,349
INFO "Program opened" from zGazz.<init>(BuzzGazz.java:55) time: 08:47:18,584
INFO "Program opened" from zGazz.<init>(BuzzGazz.java:55) time: 08:48:22,764
INFO "Program opened" from zGazz.<init>(BuzzGazz.java:55) time: 08:48:59,850
INFO "Program opened" from zGazz.<init>(BuzzGazz.java:55) time: 08:49:19,670
INFO "Program opened" from zGazz.<init>(BuzzGazz.java:55) time: 08:50:00,268
INFO "Program opened" from zGazz.<init>(BuzzGazz.java:55) time: 08:50:47,587
INFO "Program opened" from zGazz.<init>(BuzzGazz.java:55) time: 08:52:28,313
INFO "Program opened" from zGazz.<init>(BuzzGazz.java:55) time: 08:52:45,003
INFO "Program opened" from zGazz.<init>(BuzzGazz.java:55) time: 08:54:26,007
INFO "Program opened" from zGazz.<init>(BuzzGazz.java:55) time: 08:54:45,769
INFO "Program opened" from zGazz.<init>(BuzzGazz.java:55) time: 08:54:55,626
INFO "Program opened" from zGazz.<init>(BuzzGazz.java:55) time: 08:55:13,392
INFO "Program opened" from zGazz.<init>(BuzzGazz.java:55) time: 08:55:25,295
INFO "Program opened" from zGazz.<init>(BuzzGazz.java:55) time: 08:55:39,461
INFO "Program opened" from zGazz.<init>(BuzzGazz.java:55) time: 08:55:54,361
INFO "Program opened" from zGazz.<init>(BuzzGazz.java:55) time: 08:56:18,818
INFO "Program opened" from zGazz.<init>(BuzzGazz.java:55) time: 08:56:37,040
INFO "Program opened" from zGazz.<init>(BuzzGazz.java:55) time: 08:57:04,322
INFO "Program opened" from zGazz.<init>(BuzzGazz.java:55) time: 08:57:25,154
INFO "Program opened" from zGazz.<init>(BuzzGazz.java:55) time: 08:57:36,956
INFO "Program opened" from zGazz.<init>(BuzzGazz.java:55) time: 08:57:50,013
INFO "Program opened" from zGazz.<init>(BuzzGazz.java:55) time: 08:58:23,166
INFO "Program opened" from zGazz.<init>(BuzzGazz.java:55) time: 08:58:40,583
INFO "Program opened" from zGazz.<init>(BuzzGazz.java:55) time: 09:00:11,916
INFO "Program opened" from zGazz.<init>(BuzzGazz.java:55) time: 09:00:49,976
INFO "Program opened" from zGazz.<init>(BuzzGazz.java:55) time: 09:01:02,819
INFO "Program opened" from zGazz.<init>(BuzzGazz.java:55) time: 09:04:49,870
INFO "Program opened" from zGazz.<init>(BuzzGazz.java:55) time: 09:05:38,528
INFO "Program opened" from zGazz.<init>(BuzzGazz.java:55) time: 09:06:02,422
INFO "Program opened" from zGazz.<init>(BuzzGazz.java:55) time: 09:06:50,867
INFO "Program opened" from zGazz.<init>(BuzzGazz.java:55) time: 09:07:30,180
INFO "Program opened" from zGazz.<init>(BuzzGazz.java:55) time: 09:08:34,903
INFO "Program opened" from zGazz.<init>(BuzzGazz.java:55) time: 09:09:37,996
INFO "Program opened" from zGazz.<init>(BuzzGazz.java:55) time: 09:09:56,936
INFO "Program opened" from zGazz.<init>(BuzzGazz.java:55) time: 09:10:18,560
INFO "Program opened" from zGazz.<init>(BuzzGazz.java:55) time: 09:10:56,719
INFO "Program opened" from zGazz.<init>(BuzzGazz.java:55) time: 09:13:32,229
INFO "Program opened" from zGazz.<init>(BuzzGazz.java:55) time: 09:14:00,811
INFO "Program opened" from zGazz.<init>(BuzzGazz.java:55) time: 09:14:34,383
INFO "Program opened" from zGazz.<init>(BuzzGazz.java:55) time: 09:15:03,887
INFO "Program opened" from zGazz.<init>(BuzzGazz.java:55) time: 09:15:28,907
INFO "Program opened" from zGazz.<init>(BuzzGazz.java:55) time: 09:17:54,898
INFO "Program opened" from zGazz.<init>(BuzzGazz.java:55) time: 09:18:31,757
INFO "Program opened" from zGazz.<init>(BuzzGazz.java:55) time: 09:18:52,084
INFO "Program opened" from zGazz.<init>(BuzzGazz.java:55) time: 09:19:07,261
INFO "Program opened" from zGazz.<init>(BuzzGazz.java:55) time: 09:19:30,340
INFO "Program closed" from ndowClosing(BuzzGazz.java:277) time: 09:20:17,294
INFO "Program opened" from zGazz.<init>(BuzzGazz.java:55) time: 09:22:35,734
INFO "Program opened" from zGazz.<init>(BuzzGazz.java:55) time: 09:29:01,248
INFO "Program opened" from zGazz.<init>(BuzzGazz.java:55) time: 09:29:25,329
INFO "Program opened" from zGazz.<init>(BuzzGazz.java:55) time: 09:29:44,891
INFO "Program opened" from zGazz.<init>(BuzzGazz.java:55) time: 09:29:59,472
INFO "Program opened" from zGazz.<init>(BuzzGazz.java:55) time: 09:31:08,255
INFO "Program opened" from zGazz.<init>(BuzzGazz.java:55) time: 09:31:35,091
INFO "Program opened" from zGazz.<init>(BuzzGazz.java:55) time: 09:31:53,479
INFO "Program opened" from zGazz.<init>(BuzzGazz.java:55) time: 09:32:38,925
INFO "Program opened" from zGazz.<init>(BuzzGazz.java:55) time: 09:32:59,478
INFO "Program opened" from zGazz.<init>(BuzzGazz.java:55) time: 09:33:17,702
INFO "Program opened" from zGazz.<init>(BuzzGazz.java:55) time: 09:33:27,814
INFO "Program opened" from zGazz.<init>(BuzzGazz.java:55) time: 09:33:42,923
INFO "Program opened" from zGazz.<init>(BuzzGazz.java:55) time: 09:38:42,335
INFO "Program opened" from zGazz.<init>(BuzzGazz.java:55) time: 09:39:30,951
INFO "Program opened" from zGazz.<init>(BuzzGazz.java:55) time: 09:41:05,524
INFO "Program opened" from zGazz.<init>(BuzzGazz.java:55) time: 10:20:54,517
INFO "Program opened" from zGazz.<init>(BuzzGazz.java:55) time: 10:22:23,892
INFO "Program opened" from zGazz.<init>(BuzzGazz.java:55) time: 10:23:10,216
INFO "Program opened" from zGazz.<init>(BuzzGazz.java:55) time: 10:25:18,386
INFO "Program opened" from zGazz.<init>(BuzzGazz.java:55) time: 10:27:19,155
INFO "Program opened" from zGazz.<init>(BuzzGazz.java:55) time: 10:27:53,940
INFO "Program opened" from zGazz.<init>(BuzzGazz.java:55) time: 10:28:34,223
INFO "Program opened" from zGazz.<init>(BuzzGazz.java:55) time: 10:29:22,964
INFO "Program opened" from zGazz.<init>(BuzzGazz.java:55) time: 10:30:34,978
INFO "Program opened" from zGazz.<init>(BuzzGazz.java:55) time: 10:30:48,799
INFO "Program opened" from zGazz.<init>(BuzzGazz.java:55) time: 10:31:43,773
INFO "Program opened" from zGazz.<init>(BuzzGazz.java:55) time: 10:32:54,843
INFO "Program opened" from zGazz.<init>(BuzzGazz.java:55) time: 10:33:19,708
INFO "Program opened" from zGazz.<init>(BuzzGazz.java:55) time: 10:33:33,049
INFO "Program opened" from zGazz.<init>(BuzzGazz.java:55) time: 10:38:53,512
INFO "Program opened" from zGazz.<init>(BuzzGazz.java:55) time: 10:39:24,820
INFO "Program opened" from zGazz.<init>(BuzzGazz.java:55) time: 10:40:11,767
INFO "Program opened" from zGazz.<init>(BuzzGazz.java:55) time: 10:41:33,170
INFO "Program opened" from zGazz.<init>(BuzzGazz.java:55) time: 10:42:53,039
INFO "Program opened" from zGazz.<init>(BuzzGazz.java:55) time: 10:47:21,103
INFO "Program opened" from zGazz.<init>(BuzzGazz.java:55) time: 10:48:50,795
INFO "Program opened" from zGazz.<init>(BuzzGazz.java:55) time: 10:52:41,773
INFO "Program closed" from ndowClosing(BuzzGazz.java:277) time: 10:53:13,436
INFO "Program opened" from zGazz.<init>(BuzzGazz.java:55) time: 10:53:16,723
INFO "Program opened" from zGazz.<init>(BuzzGazz.java:57) time: 10:59:42,714
INFO "Program opened" from zGazz.<init>(BuzzGazz.java:57) time: 11:05:42,511
INFO "Program closed" from ndowClosing(BuzzGazz.java:273) time: 11:06:07,321
INFO "Program opened" from zGazz.<init>(BuzzGazz.java:52) time: 11:08:56,103
INFO "Program closed" from ndowClosing(BuzzGazz.java:265) time: 11:15:45,074
INFO "Program opened" from zGazz.<init>(BuzzGazz.java:52) time: 11:15:54,789
INFO "Program closed" from ndowClosing(BuzzGazz.java:265) time: 11:16:02,968
INFO "Program opened" from zGazz.<init>(BuzzGazz.java:52) time: 11:26:18,957
INFO "Program opened" from zGazz.<init>(BuzzGazz.java:52) time: 11:30:51,938
INFO "Program opened" from zGazz.<init>(BuzzGazz.java:52) time: 11:31:31,076
INFO "Program opened" from zGazz.<init>(BuzzGazz.java:52) time: 11:32:19,208
INFO "Program opened" from zGazz.<init>(BuzzGazz.java:52) time: 11:33:58,302
INFO "Program opened" from zGazz.<init>(BuzzGazz.java:52) time: 11:34:16,529
INFO "Program closed" from ndowClosing(BuzzGazz.java:265) time: 11:34:46,580
INFO "Program opened" from zGazz.<init>(BuzzGazz.java:52) time: 05:03:09,786
INFO "Program opened" from zGazz.<init>(BuzzGazz.java:52) time: 05:05:39,508
INFO "Program opened" from zGazz.<init>(BuzzGazz.java:52) time: 05:06:10,480
INFO "Program opened" from zGazz.<init>(BuzzGazz.java:52) time: 05:07:46,485
INFO "Program opened" from zGazz.<init>(BuzzGazz.java:52) time: 05:08:43,805
INFO "Program opened" from zGazz.<init>(BuzzGazz.java:52) time: 05:09:09,724
INFO "session added(film: Kapusta time: 12:0:0 date: 27:11:2020)" from med(AddSessionWindow.java:218) time: 05:09:49,770
INFO "Program opened" from zGazz.<init>(BuzzGazz.java:52) time: 05:11:01,835
INFO "Program opened" from zGazz.<init>(BuzzGazz.java:52) time: 05:11:26,216
INFO "Program opened" from zGazz.<init>(BuzzGazz.java:52) time: 05:12:05,162
INFO "Program opened" from zGazz.<init>(BuzzGazz.java:52) time: 05:13:41,596
INFO "Program opened" from zGazz.<init>(BuzzGazz.java:52) time: 05:25:58,914
INFO "Program opened" from zGazz.<init>(BuzzGazz.java:52) time: 05:26:58,763
INFO "Program opened" from zGazz.<init>(BuzzGazz.java:52) time: 05:27:40,990
INFO "Program opened" from zGazz.<init>(BuzzGazz.java:52) time: 05:28:00,601
INFO "Program opened" from zGazz.<init>(BuzzGazz.java:52) time: 05:28:15,083
INFO "Program opened" from zGazz.<init>(BuzzGazz.java:52) time: 05:28:48,990
INFO "Program opened" from zGazz.<init>(BuzzGazz.java:52) time: 05:29:05,674
INFO "Program opened" from zGazz.<init>(BuzzGazz.java:52) time: 05:34:58,462
INFO "Program opened" from zGazz.<init>(BuzzGazz.java:52) time: 05:35:56,413
INFO "Program opened" from zGazz.<init>(BuzzGazz.java:52) time: 05:36:25,282
INFO "Program opened" from zGazz.<init>(BuzzGazz.java:52) time: 05:37:11,860
INFO "Program opened" from zGazz.<init>(BuzzGazz.java:52) time: 05:37:36,117
INFO "Program opened" from zGazz.<init>(BuzzGazz.java:52) time: 05:37:54,761
INFO "Program opened" from zGazz.<init>(BuzzGazz.java:52) time: 05:38:53,689
INFO "Program opened" from zGazz.<init>(BuzzGazz.java:52) time: 05:41:09,739
INFO "Program opened" from zGazz.<init>(BuzzGazz.java:52) time: 05:41:35,611
INFO "Program opened" from zGazz.<init>(BuzzGazz.java:52) time: 05:46:38,812
INFO "Program opened" from zGazz.<init>(BuzzGazz.java:52) time: 05:54:07,982
INFO "Program opened" from zGazz.<init>(BuzzGazz.java:52) time: 05:54:44,394
INFO "Program opened" from zGazz.<init>(BuzzGazz.java:52) time: 05:55:06,997
INFO "Program opened" from zGazz.<init>(BuzzGazz.java:52) time: 06:14:15,872
INFO "Program opened" from zGazz.<init>(BuzzGazz.java:52) time: 06:15:40,283
INFO "Program opened" from zGazz.<init>(BuzzGazz.java:52) time: 06:16:40,882
INFO "Program opened" from zGazz.<init>(BuzzGazz.java:52) time: 06:17:05,489
INFO "Program opened" from zGazz.<init>(BuzzGazz.java:52) time: 06:17:23,253
INFO "Program opened" from zGazz.<init>(BuzzGazz.java:52) time: 06:17:52,969
INFO "Program opened" from zGazz.<init>(BuzzGazz.java:52) time: 06:25:23,546
INFO "Program opened" from zGazz.<init>(BuzzGazz.java:52) time: 06:32:39,884
INFO "Program opened" from zGazz.<init>(BuzzGazz.java:52) time: 06:34:57,927
INFO "Program opened" from zGazz.<init>(BuzzGazz.java:52) time: 06:35:18,445
INFO "Program opened" from zGazz.<init>(BuzzGazz.java:52) time: 06:36:07,489
INFO "Program opened" from zGazz.<init>(BuzzGazz.java:52) time: 06:39:16,688
INFO "Program opened" from zGazz.<init>(BuzzGazz.java:52) time: 06:39:33,723
INFO "Program opened" from zGazz.<init>(BuzzGazz.java:52) time: 06:39:47,564
INFO "Program opened" from zGazz.<init>(BuzzGazz.java:52) time: 06:40:03,088
INFO "Program opened" from zGazz.<init>(BuzzGazz.java:52) time: 06:41:17,814
INFO "Program opened" from zGazz.<init>(BuzzGazz.java:52) time: 06:42:45,297
INFO "Program opened" from zGazz.<init>(BuzzGazz.java:52) time: 06:49:06,092
INFO "Program opened" from zGazz.<init>(BuzzGazz.java:52) time: 06:50:03,248
INFO "Program opened" from zGazz.<init>(BuzzGazz.java:52) time: 06:50:19,173
INFO "Program opened" from zGazz.<init>(BuzzGazz.java:52) time: 06:50:46,938
INFO "Program opened" from zGazz.<init>(BuzzGazz.java:52) time: 06:51:38,030
INFO "Program opened" from zGazz.<init>(BuzzGazz.java:52) time: 06:52:17,935
INFO "Program opened" from zGazz.<init>(BuzzGazz.java:52) time: 07:08:29,799
INFO "Program opened" from zGazz.<init>(BuzzGazz.java:52) time: 07:10:09,114
INFO "Program opened" from zGazz.<init>(BuzzGazz.java:52) time: 07:12:07,874
INFO "Program opened" from zGazz.<init>(BuzzGazz.java:52) time: 07:12:52,936
INFO "Program opened" from zGazz.<init>(BuzzGazz.java:52) time: 07:15:41,214
INFO "Program opened" from zGazz.<init>(BuzzGazz.java:52) time: 07:17:43,518
INFO "Program opened" from zGazz.<init>(BuzzGazz.java:52) time: 07:42:54,656
INFO "Program opened" from zGazz.<init>(BuzzGazz.java:53) time: 07:46:58,208
INFO "Program opened" from zGazz.<init>(BuzzGazz.java:53) time: 07:47:28,496
INFO "Program opened" from zGazz.<init>(BuzzGazz.java:53) time: 07:49:34,100
INFO "Program opened" from zGazz.<init>(BuzzGazz.java:53) time: 07:51:06,941
INFO "Program opened" from zGazz.<init>(BuzzGazz.java:53) time: 08:03:28,089
INFO "Program opened" from zGazz.<init>(BuzzGazz.java:53) time: 08:05:52,477
INFO "Program opened" from zGazz.<init>(BuzzGazz.java:53) time: 08:06:54,316
INFO "Program opened" from zGazz.<init>(BuzzGazz.java:53) time: 08:07:06,277
INFO "Program opened" from zGazz.<init>(BuzzGazz.java:53) time: 08:07:21,778
INFO "Program opened" from zGazz.<init>(BuzzGazz.java:53) time: 08:08:21,901
INFO "Program opened" from zGazz.<init>(BuzzGazz.java:53) time: 08:11:33,188
INFO "Program opened" from zGazz.<init>(BuzzGazz.java:53) time: 08:12:10,382
INFO "Program opened" from zGazz.<init>(BuzzGazz.java:53) time: 08:24:15,708
INFO "Program opened" from zGazz.<init>(BuzzGazz.java:53) time: 08:26:29,651
INFO "Program opened" from zGazz.<init>(BuzzGazz.java:53) time: 08:26:54,290
INFO "Program opened" from zGazz.<init>(BuzzGazz.java:53) time: 08:32:00,111
INFO "Program opened" from zGazz.<init>(BuzzGazz.java:53) time: 08:32:44,582
INFO "Program opened" from zGazz.<init>(BuzzGazz.java:53) time: 08:34:27,031
INFO "Program opened" from zGazz.<init>(BuzzGazz.java:53) time: 08:34:51,360
INFO "Program opened" from zGazz.<init>(BuzzGazz.java:53) time: 08:35:25,183
INFO "Program opened" from zGazz.<init>(BuzzGazz.java:53) time: 08:37:36,238
INFO "Program opened" from zGazz.<init>(BuzzGazz.java:53) time: 08:37:55,472
INFO "Program opened" from zGazz.<init>(BuzzGazz.java:53) time: 08:38:15,941
INFO "Program opened" from zGazz.<init>(BuzzGazz.java:53) time: 08:40:47,887
INFO "Program opened" from zGazz.<init>(BuzzGazz.java:53) time: 08:43:40,617
INFO "Program opened" from zGazz.<init>(BuzzGazz.java:53) time: 08:58:38,080
INFO "Program opened" from zGazz.<init>(BuzzGazz.java:53) time: 09:01:55,466
INFO "Program opened" from zGazz.<init>(BuzzGazz.java:53) time: 09:02:37,572
INFO "Program opened" from zGazz.<init>(BuzzGazz.java:53) time: 09:03:23,093
INFO "Program opened" from zGazz.<init>(BuzzGazz.java:53) time: 09:06:46,571
INFO "Program opened" from zGazz.<init>(BuzzGazz.java:53) time: 09:07:44,624
INFO "Program opened" from zGazz.<init>(BuzzGazz.java:51) time: 00:38:27,876
INFO "Program opened" from zGazz.<init>(BuzzGazz.java:51) time: 00:38:56,719
INFO "Program opened" from zGazz.<init>(BuzzGazz.java:50) time: 00:40:08,496
INFO "Program opened" from zGazz.<init>(BuzzGazz.java:50) time: 00:41:17,820
INFO "Program opened" from zGazz.<init>(BuzzGazz.java:50) time: 00:41:43,042
INFO "Program opened" from zGazz.<init>(BuzzGazz.java:50) time: 00:56:00,197
INFO "Program opened" from zGazz.<init>(BuzzGazz.java:50) time: 00:58:45,153
INFO "Program closed" from zGazz.close(BuzzGazz.java:266) time: 00:58:49,676
INFO "Program opened" from zGazz.<init>(BuzzGazz.java:50) time: 01:12:14,878
INFO "Program opened" from zGazz.<init>(BuzzGazz.java:48) time: 01:16:18,704
INFO "Program opened" from zGazz.<init>(BuzzGazz.java:44) time: 01:24:15,602
INFO "Program opened" from zGazz.<init>(BuzzGazz.java:42) time: 02:44:52,532
INFO "Program opened" from zGazz.<init>(BuzzGazz.java:42) time: 02:51:30,559
INFO "Program opened" from zGazz.<init>(BuzzGazz.java:42) time: 02:53:26,174
INFO "Program opened" from zGazz.<init>(BuzzGazz.java:42) time: 02:53:44,383
INFO "Program closed" from ndow.close(BuzzWindow.java:73) time: 02:53:48,559
INFO "Program opened" from zGazz.<init>(BuzzGazz.java:41) time: 03:02:48,475
INFO "Program opened" from zGazz.<init>(BuzzGazz.java:41) time: 03:04:38,737
INFO "Program opened" from zGazz.<init>(BuzzGazz.java:41) time: 03:07:18,953
INFO "Program opened" from zGazz.<init>(BuzzGazz.java:41) time: 03:09:02,839
INFO "Program opened" from zGazz.<init>(BuzzGazz.java:41) time: 03:10:41,647
INFO "Program closed" from ndow.close(BuzzWindow.java:76) time: 03:11:22,578
INFO "Program opened" from zGazz.<init>(BuzzGazz.java:41) time: 03:22:27,645
INFO "session added(film: Star Wars Episode 2 Attack of the Clones time: 18:0:0 date: 25:10:2020)" from med(AddSessionWindow.java:183) time: 03:22:43,196
INFO "session removed(film: Star Wars Episode 2 Attack of the Clones time: 18:0:0 date: 25:10:2020)" from ions.remove(Sessions.java:222) time: 03:23:24,140
INFO "Program closed" from ndow.close(BuzzWindow.java:76) time: 03:23:34,681
INFO "Program opened" from zGazz.<init>(BuzzGazz.java:41) time: 03:24:17,595
INFO "session added(film: Star Wars Episode 2 Attack of the Clones time: 12:0:0 date: 25:10:2020)" from med(AddSessionWindow.java:183) time: 03:24:39,373
INFO "Program opened" from zGazz.<init>(BuzzGazz.java:38) time: 03:26:54,252
INFO "session added(film: Kapusta time: 1:1:1 date: 1:1:1)" from med(AddSessionWindow.java:183) time: 03:27:02,913
INFO "Program opened" from zGazz.<init>(BuzzGazz.java:38) time: 03:28:01,266
INFO "session added(film: Kapusta time: 12:25:0 date: 28:11:2020)" from med(AddSessionWindow.java:184) time: 03:28:41,811
INFO "Program opened" from zGazz.<init>(BuzzGazz.java:38) time: 03:30:18,260
INFO "Program opened" from zGazz.<init>(BuzzGazz.java:38) time: 03:30:35,387
INFO "session added(film: Kapusta time: 12:15:10 date: 28:11:2020)" from med(AddSessionWindow.java:184) time: 03:30:49,276
INFO "Program closed" from ndow.close(BuzzWindow.java:78) time: 03:31:24,724
INFO "Program opened" from zGazz.<init>(BuzzGazz.java:39) time: 03:36:39,269
INFO "session removed(film: Kapusta time: 12:15:10 date: 28:11:2020)" from ions.remove(Sessions.java:222) time: 03:36:53,612
INFO "Program opened" from zGazz.<init>(BuzzGazz.java:39) time: 03:37:00,752
INFO "Program opened" from zGazz.<init>(BuzzGazz.java:37) time: 03:43:19,019
INFO "session added(film: Kapusta time: 11:0:0 date: 1:1:1)" from med(AddSessionWindow.java:184) time: 03:43:33,631
INFO "Program opened" from zGazz.<init>(BuzzGazz.java:37) time: 03:56:37,303
INFO "Program opened" from zGazz.<init>(BuzzGazz.java:37) time: 03:57:30,302
INFO "Program opened" from zGazz.<init>(BuzzGazz.java:37) time: 03:58:49,642
INFO "Program opened" from zGazz.<init>(BuzzGazz.java:37) time: 04:02:15,050
INFO "Program opened" from zGazz.<init>(BuzzGazz.java:37) time: 04:03:19,826
INFO "Program opened" from zGazz.<init>(BuzzGazz.java:37) time: 04:04:13,796
INFO "Program opened" from zGazz.<init>(BuzzGazz.java:37) time: 04:04:28,541
INFO "Program opened" from zGazz.<init>(BuzzGazz.java:37) time: 04:04:40,379
INFO "Program opened" from zGazz.<init>(BuzzGazz.java:37) time: 04:08:13,128
INFO "Program opened" from zGazz.<init>(BuzzGazz.java:37) time: 04:09:15,158
INFO "Program opened" from zGazz.<init>(BuzzGazz.java:37) time: 04:09:45,666
INFO "Program opened" from zGazz.<init>(BuzzGazz.java:37) time: 04:10:29,186
INFO "Program opened" from zGazz.<init>(BuzzGazz.java:37) time: 04:10:41,946
INFO "Program opened" from zGazz.<init>(BuzzGazz.java:37) time: 04:11:09,379
INFO "Program opened" from zGazz.<init>(BuzzGazz.java:37) time: 04:11:23,865
INFO "Program opened" from zGazz.<init>(BuzzGazz.java:37) time: 04:13:07,752
INFO "Program opened" from zGazz.<init>(BuzzGazz.java:37) time: 04:15:25,710
INFO "Program opened" from zGazz.<init>(BuzzGazz.java:37) time: 04:15:49,095
INFO "Program opened" from zGazz.<init>(BuzzGazz.java:37) time: 04:16:25,335
INFO "Program opened" from zGazz.<init>(BuzzGazz.java:37) time: 04:17:12,236
INFO "Program opened" from zGazz.<init>(BuzzGazz.java:37) time: 04:17:40,626
INFO "Program opened" from zGazz.<init>(BuzzGazz.java:37) time: 04:18:20,764
INFO "Program opened" from zGazz.<init>(BuzzGazz.java:37) time: 04:18:50,519
INFO "Program opened" from zGazz.<init>(BuzzGazz.java:37) time: 04:20:15,982
INFO "Program opened" from zGazz.<init>(BuzzGazz.java:37) time: 04:27:24,830
INFO "Program opened" from zGazz.<init>(BuzzGazz.java:37) time: 04:27:38,130
INFO "Program opened" from zGazz.<init>(BuzzGazz.java:37) time: 04:27:53,435
INFO "Program opened" from zGazz.<init>(BuzzGazz.java:37) time: 04:29:08,318
INFO "Program opened" from zGazz.<init>(BuzzGazz.java:37) time: 04:30:47,579
INFO "Program opened" from zGazz.<init>(BuzzGazz.java:37) time: 04:31:27,001
INFO "Program opened" from zGazz.<init>(BuzzGazz.java:37) time: 04:31:58,548
INFO "Program opened" from zGazz.<init>(BuzzGazz.java:37) time: 04:32:32,638
INFO "Program opened" from zGazz.<init>(BuzzGazz.java:37) time: 04:33:02,355
INFO "Program opened" from zGazz.<init>(BuzzGazz.java:37) time: 04:34:40,107
INFO "Program opened" from zGazz.<init>(BuzzGazz.java:37) time: 04:35:52,128
INFO "Program opened" from zGazz.<init>(BuzzGazz.java:37) time: 06:32:47,361
INFO "Program opened" from zGazz.<init>(BuzzGazz.java:37) time: 06:34:20,659
INFO "Program opened" from zGazz.<init>(BuzzGazz.java:37) time: 06:36:27,638
INFO "Program opened" from zGazz.<init>(BuzzGazz.java:37) time: 06:37:15,771
INFO "Program opened" from zGazz.<init>(BuzzGazz.java:37) time: 06:38:48,528
INFO "Program opened" from zGazz.<init>(BuzzGazz.java:37) time: 06:39:19,767
INFO "Program opened" from zGazz.<init>(BuzzGazz.java:37) time: 06:39:43,496
INFO "Program opened" from zGazz.<init>(BuzzGazz.java:37) time: 06:40:25,571
INFO "Program opened" from zGazz.<init>(BuzzGazz.java:37) time: 06:41:06,979
INFO "Program opened" from zGazz.<init>(BuzzGazz.java:37) time: 06:41:30,197
INFO "Program opened" from zGazz.<init>(BuzzGazz.java:37) time: 06:42:20,952
INFO "Program opened" from zGazz.<init>(BuzzGazz.java:37) time: 06:42:43,301
INFO "Program opened" from zGazz.<init>(BuzzGazz.java:37) time: 06:43:09,580
INFO "Program opened" from zGazz.<init>(BuzzGazz.java:37) time: 06:43:35,662
INFO "Program opened" from zGazz.<init>(BuzzGazz.java:37) time: 06:43:57,398
INFO "Program opened" from zGazz.<init>(BuzzGazz.java:37) time: 06:44:12,991
INFO "Program opened" from zGazz.<init>(BuzzGazz.java:37) time: 06:44:45,592
INFO "Program opened" from zGazz.<init>(BuzzGazz.java:37) time: 06:45:00,110
INFO "Program opened" from zGazz.<init>(BuzzGazz.java:37) time: 06:45:12,980
INFO "Program opened" from zGazz.<init>(BuzzGazz.java:37) time: 06:45:26,409
INFO "Program opened" from zGazz.<init>(BuzzGazz.java:37) time: 06:45:36,906
INFO "Program opened" from zGazz.<init>(BuzzGazz.java:37) time: 06:45:46,097
INFO "Program opened" from zGazz.<init>(BuzzGazz.java:37) time: 06:45:57,803
INFO "Program opened" from zGazz.<init>(BuzzGazz.java:37) time: 06:46:08,634
INFO "Program opened" from zGazz.<init>(BuzzGazz.java:37) time: 06:46:21,480
INFO "Program opened" from zGazz.<init>(BuzzGazz.java:37) time: 06:46:34,838
INFO "Program opened" from zGazz.<init>(BuzzGazz.java:37) time: 06:46:47,879
INFO "Program opened" from zGazz.<init>(BuzzGazz.java:37) time: 06:47:07,418
INFO "Program opened" from zGazz.<init>(BuzzGazz.java:37) time: 06:47:27,466
INFO "Program opened" from zGazz.<init>(BuzzGazz.java:37) time: 06:47:48,996
INFO "Program opened" from zGazz.<init>(BuzzGazz.java:37) time: 06:47:59,566
INFO "Program opened" from zGazz.<init>(BuzzGazz.java:37) time: 06:48:23,157
INFO "Program opened" from zGazz.<init>(BuzzGazz.java:37) time: 06:48:53,387
INFO "Program opened" from zGazz.<init>(BuzzGazz.java:37) time: 06:49:05,629
INFO "Program opened" from zGazz.<init>(BuzzGazz.java:37) time: 06:49:36,831
INFO "Program opened" from zGazz.<init>(BuzzGazz.java:37) time: 06:50:24,530
INFO "Program opened" from zGazz.<init>(BuzzGazz.java:37) time: 06:50:55,510
INFO "Program opened" from zGazz.<init>(BuzzGazz.java:37) time: 06:53:32,301
INFO "Program opened" from zGazz.<init>(BuzzGazz.java:37) time: 06:54:43,208
INFO "Program opened" from zGazz.<init>(BuzzGazz.java:37) time: 07:00:29,343
INFO "Program opened" from zGazz.<init>(BuzzGazz.java:37) time: 07:01:46,329
INFO "Program opened" from zGazz.<init>(BuzzGazz.java:37) time: 07:02:09,925
INFO "Program opened" from zGazz.<init>(BuzzGazz.java:37) time: 07:02:29,592
INFO "Program opened" from zGazz.<init>(BuzzGazz.java:37) time: 07:02:54,202
INFO "Program opened" from zGazz.<init>(BuzzGazz.java:37) time: 07:03:08,755
INFO "Program opened" from zGazz.<init>(BuzzGazz.java:37) time: 07:04:46,221
INFO "Program opened" from zGazz.<init>(BuzzGazz.java:37) time: 07:05:05,571
INFO "Program opened" from zGazz.<init>(BuzzGazz.java:37) time: 07:05:17,899
INFO "Program opened" from zGazz.<init>(BuzzGazz.java:37) time: 07:08:56,530
INFO "Program opened" from zGazz.<init>(BuzzGazz.java:37) time: 07:09:22,694
INFO "Program opened" from zGazz.<init>(BuzzGazz.java:37) time: 07:09:34,406
INFO "Program opened" from zGazz.<init>(BuzzGazz.java:37) time: 07:09:58,381
INFO "Program opened" from zGazz.<init>(BuzzGazz.java:37) time: 07:10:09,589
INFO "Program opened" from zGazz.<init>(BuzzGazz.java:37) time: 07:46:08,262
INFO "film removed(film: Star Wars Episode 2 Attack of the Clones length: 2:14:0 creation date: 17:11:15)" from z.Films.remove(Films.java:103) time: 07:46:12,950
INFO "film removed(film: Kapusta length: 10:0:0 creation date: 5:43:40)" from z.Films.remove(Films.java:103) time: 07:46:18,111
INFO "Program opened" from zGazz.<init>(BuzzGazz.java:37) time: 07:47:26,320
INFO "film removed(film: Star Wars Episode 1 The Phantom Menace length: 2:2:0 creation date: 20:11:6)" from z.Films.remove(Films.java:103) time: 07:47:30,939
INFO "Program opened" from zGazz.<init>(BuzzGazz.java:37) time: 07:48:50,044
INFO "film removed(film: Star Wars Episode 1 The Phantom Menace length: 2:2:0 creation date: 20:11:6)" from z.Films.remove(Films.java:103) time: 07:48:56,307
INFO "film removed(film: Star Wars Episode 2 Attack of the Clones length: 2:14:0 creation date: 17:11:15)" from z.Films.remove(Films.java:103) time: 07:48:56,308
INFO "Program opened" from zGazz.<init>(BuzzGazz.java:37) time: 07:57:41,297
INFO "session removed(film: Kapusta time: 12:15:10 date: 28:11:2020)" from ions.remove(Sessions.java:236) time: 07:57:53,442
INFO "Program opened" from zGazz.<init>(BuzzGazz.java:37) time: 08:00:22,131
INFO "session removed(film: Kapusta time: 12:15:10 date: 28:11:2020)" from ions.remove(Sessions.java:238) time: 08:00:25,361
INFO "Program opened" from zGazz.<init>(BuzzGazz.java:37) time: 08:04:10,510
INFO "session removed(film: Kapusta time: 12:15:10 date: 28:11:2020)" from ions.remove(Sessions.java:237) time: 08:04:14,742
INFO "Program opened" from zGazz.<init>(BuzzGazz.java:37) time: 08:05:28,096
INFO "Program opened" from zGazz.<init>(BuzzGazz.java:37) time: 08:05:42,148
INFO "Program opened" from zGazz.<init>(BuzzGazz.java:37) time: 08:06:27,879
INFO "session removed(film: Kapusta time: 12:15:10 date: 28:11:2020)" from ions.remove(Sessions.java:237) time: 08:06:36,418
INFO "Program opened" from zGazz.<init>(BuzzGazz.java:37) time: 08:06:51,961
INFO "Program opened" from zGazz.<init>(BuzzGazz.java:37) time: 08:08:35,539
INFO "Program opened" from zGazz.<init>(BuzzGazz.java:37) time: 08:08:56,053
INFO "Program opened" from zGazz.<init>(BuzzGazz.java:37) time: 08:10:20,927
INFO "Program opened" from zGazz.<init>(BuzzGazz.java:37) time: 08:10:38,268
INFO "session removed(film: Kapusta time: 12:15:10 date: 28:11:2020)" from ions.remove(Sessions.java:238) time: 08:10:45,625
INFO "film removed(film: Kapusta length: 10:0:0 creation date: 5:43:40)" from z.Films.remove(Films.java:105) time: 08:10:48,123
INFO "Program opened" from zGazz.<init>(BuzzGazz.java:37) time: 08:10:54,699
INFO "Program opened" from zGazz.<init>(BuzzGazz.java:37) time: 08:13:14,322
INFO "Program opened" from zGazz.<init>(BuzzGazz.java:37) time: 09:11:24,512
INFO "Program opened" from zGazz.<init>(BuzzGazz.java:37) time: 09:24:01,252
INFO "Program opened" from zGazz.<init>(BuzzGazz.java:37) time: 09:24:48,723
INFO "Program opened" from zGazz.<init>(BuzzGazz.java:37) time: 09:27:47,435
INFO "Program opened" from zGazz.<init>(BuzzGazz.java:37) time: 09:31:00,736
INFO "Program opened" from zGazz.<init>(BuzzGazz.java:37) time: 09:34:42,140
INFO "Program opened" from zGazz.<init>(BuzzGazz.java:37) time: 09:36:01,689
INFO "Program opened" from zGazz.<init>(BuzzGazz.java:37) time: 09:37:02,986
INFO "Program opened" from zGazz.<init>(BuzzGazz.java:37) time: 09:38:54,189
INFO "Program opened" from zGazz.<init>(BuzzGazz.java:37) time: 09:39:23,018
INFO "Program opened" from zGazz.<init>(BuzzGazz.java:37) time: 09:40:11,209
INFO "Program opened" from zGazz.<init>(BuzzGazz.java:37) time: 09:45:22,704
INFO "session removed(film: Kapusta time: 12:15:10 date: 28:11:2020)" from ions.remove(Sessions.java:238) time: 09:45:26,348
INFO "film removed(film: Kapusta length: 10:0:0 creation date: 5:43:40)" from z.Films.remove(Films.java:126) time: 09:45:36,019
INFO "Program opened" from zGazz.<init>(BuzzGazz.java:37) time: 09:45:45,565
INFO "session removed(film: Kapusta time: 12:15:10 date: 28:11:2020)" from ions.remove(Sessions.java:238) time: 09:47:37,224
INFO "session removed(film: Star Wars Episode 2 Attack of the Clones time: 23:0:0 date: 25:11:2020)" from ions.remove(Sessions.java:238) time: 09:47:37,231
INFO "session removed(film: Star Wars Episode 1 The Phantom Menace time: 15:0:0 date: 25:11:2020)" from ions.remove(Sessions.java:238) time: 09:47:37,231
INFO "session removed(film: Star Wars Episode 1 The Phantom Menace time: 13:0:0 date: 25:11:2020)" from ions.remove(Sessions.java:238) time: 09:47:37,232
INFO "session removed(film: Star Wars Episode 2 Attack of the Clones time: 16:0:0 date: 24:11:2020)" from ions.remove(Sessions.java:238) time: 09:47:37,232
INFO "film removed(film: Kapusta length: 10:0:0 creation date: 5:43:40)" from z.Films.remove(Films.java:105) time: 09:47:40,768
INFO "film removed(film: Star Wars Episode 1 The Phantom Menace length: 2:2:0 creation date: 20:11:6)" from z.Films.remove(Films.java:105) time: 09:47:40,769
INFO "film removed(film: Star Wars Episode 2 Attack of the Clones length: 2:14:0 creation date: 17:11:15)" from z.Films.remove(Films.java:105) time: 09:47:40,769
INFO "Program opened" from zGazz.<init>(BuzzGazz.java:37) time: 09:47:48,814
INFO "Program opened" from zGazz.<init>(BuzzGazz.java:37) time: 11:23:08,438
INFO "Program opened" from zGazz.<init>(BuzzGazz.java:37) time: 11:54:36,035
INFO "Program opened" from zGazz.<init>(BuzzGazz.java:37) time: 11:56:19,578
INFO "Program opened" from zGazz.<init>(BuzzGazz.java:37) time: 11:57:23,454
INFO "Program opened" from zGazz.<init>(BuzzGazz.java:37) time: 01:39:00,251
INFO "Program opened" from zGazz.<init>(BuzzGazz.java:37) time: 01:45:47,454
INFO "Program opened" from zGazz.<init>(BuzzGazz.java:37) time: 02:32:38,201
INFO "Program opened" from zGazz.<init>(BuzzGazz.java:37) time: 02:33:02,604
INFO "Program opened" from zGazz.<init>(BuzzGazz.java:37) time: 02:35:00,382
INFO "Program opened" from zGazz.<init>(BuzzGazz.java:37) time: 02:35:29,422
INFO "Program opened" from zGazz.<init>(BuzzGazz.java:37) time: 02:35:46,790
INFO "Program opened" from zGazz.<init>(BuzzGazz.java:37) time: 02:36:41,996
INFO "Program opened" from zGazz.<init>(BuzzGazz.java:37) time: 02:36:56,796
INFO "Program opened" from zGazz.<init>(BuzzGazz.java:37) time: 02:37:52,040
INFO "Program opened" from zGazz.<init>(BuzzGazz.java:37) time: 02:38:30,688
INFO "Program opened" from zGazz.<init>(BuzzGazz.java:37) time: 02:41:45,631
INFO "Program opened" from zGazz.<init>(BuzzGazz.java:37) time: 02:42:06,758
INFO "Program opened" from zGazz.<init>(BuzzGazz.java:37) time: 02:42:44,503
INFO "Program opened" from zGazz.<init>(BuzzGazz.java:37) time: 02:43:00,590
INFO "Program opened" from zGazz.<init>(BuzzGazz.java:37) time: 02:43:29,905
INFO "Program opened" from zGazz.<init>(BuzzGazz.java:37) time: 02:44:24,445
INFO "Program opened" from zGazz.<init>(BuzzGazz.java:37) time: 02:45:20,868
INFO "Program opened" from zGazz.<init>(BuzzGazz.java:37) time: 02:45:39,730
INFO "Program opened" from zGazz.<init>(BuzzGazz.java:37) time: 02:45:52,562
INFO "Program opened" from zGazz.<init>(BuzzGazz.java:37) time: 02:46:24,470
INFO "Program opened" from zGazz.<init>(BuzzGazz.java:37) time: 02:46:38,132
INFO "Program opened" from zGazz.<init>(BuzzGazz.java:37) time: 02:49:07,962
INFO "Program opened" from zGazz.<init>(BuzzGazz.java:37) time: 02:50:14,903
INFO "Program opened" from zGazz.<init>(BuzzGazz.java:37) time: 02:50:37,436
INFO "Program opened" from zGazz.<init>(BuzzGazz.java:37) time: 02:50:52,415
INFO "Program opened" from zGazz.<init>(BuzzGazz.java:37) time: 02:51:07,442
INFO "Program opened" from zGazz.<init>(BuzzGazz.java:37) time: 02:51:55,153
INFO "Program opened" from zGazz.<init>(BuzzGazz.java:37) time: 02:52:15,672
INFO "Program opened" from zGazz.<init>(BuzzGazz.java:37) time: 02:53:07,864
INFO "Program opened" from zGazz.<init>(BuzzGazz.java:37) time: 02:53:42,745
INFO "Program opened" from zGazz.<init>(BuzzGazz.java:37) time: 02:54:20,316
INFO "Program opened" from zGazz.<init>(BuzzGazz.java:37) time: 02:56:07,211
INFO "Program opened" from zGazz.<init>(BuzzGazz.java:37) time: 02:56:26,423
INFO "Program opened" from zGazz.<init>(BuzzGazz.java:37) time: 02:57:27,509
INFO "Program opened" from zGazz.<init>(BuzzGazz.java:37) time: 02:57:49,467
INFO "Program opened" from zGazz.<init>(BuzzGazz.java:37) time: 02:58:07,116
INFO "Program opened" from zGazz.<init>(BuzzGazz.java:37) time: 02:58:20,331
INFO "Program opened" from zGazz.<init>(BuzzGazz.java:37) time: 02:58:44,255
INFO "Program opened" from zGazz.<init>(BuzzGazz.java:37) time: 03:01:44,374
INFO "Program opened" from zGazz.<init>(BuzzGazz.java:37) time: 03:02:32,133
INFO "Program opened" from zGazz.<init>(BuzzGazz.java:37) time: 03:03:44,418
INFO "Program opened" from zGazz.<init>(BuzzGazz.java:37) time: 03:04:15,820
INFO "Program opened" from zGazz.<init>(BuzzGazz.java:37) time: 03:04:49,535
INFO "Program opened" from zGazz.<init>(BuzzGazz.java:37) time: 03:17:42,880
INFO "Program opened" from zGazz.<init>(BuzzGazz.java:37) time: 03:18:05,101
INFO "Program opened" from zGazz.<init>(BuzzGazz.java:37) time: 03:29:21,168
INFO "film added(name: aauthor: a time: 0:0:1 date: 1:1:1)" from ions$1(AddFilmWindow.java:182) time: 03:29:31,374
INFO "film removed(film: a length: 0:0:1 creation date: 1:1:1)" from z.Films.remove(Films.java:115) time: 03:29:38,721
INFO "Program opened" from zGazz.<init>(BuzzGazz.java:37) time: 03:30:57,361
INFO "Program opened" from zGazz.<init>(BuzzGazz.java:37) time: 04:08:15,040
INFO "Program opened" from zGazz.<init>(BuzzGazz.java:37) time: 04:09:18,844
INFO "Program opened" from zGazz.<init>(BuzzGazz.java:37) time: 07:53:11,111
INFO "Program opened" from zGazz.<init>(BuzzGazz.java:37) time: 07:56:59,618
INFO "Program opened" from zGazz.<init>(BuzzGazz.java:37) time: 07:58:14,354
INFO "Program opened" from zGazz.<init>(BuzzGazz.java:37) time: 08:02:06,035
INFO "Program opened" from zGazz.<init>(BuzzGazz.java:37) time: 08:24:27,711
INFO "Program closed" from ndow.close(BuzzWindow.java:81) time: 08:24:56,033
INFO "Program opened" from zGazz.<init>(BuzzGazz.java:37) time: 08:25:11,206
INFO "Program opened" from zGazz.<init>(BuzzGazz.java:37) time: 10:01:04,469
INFO "Program opened" from zGazz.<init>(BuzzGazz.java:37) time: 10:03:55,485
INFO "Program opened" from zGazz.<init>(BuzzGazz.java:37) time: 10:04:35,206
INFO "Program opened" from zGazz.<init>(BuzzGazz.java:37) time: 10:20:23,448
INFO "Program opened" from zGazz.<init>(BuzzGazz.java:37) time: 10:35:58,517
INFO "Program opened" from zGazz.<init>(BuzzGazz.java:41) time: 10:49:50,416
INFO "Program closed" from ndow.close(BuzzWindow.java:81) time: 10:52:24,610
INFO "Program opened" from zGazz.<init>(BuzzGazz.java:41) time: 10:52:35,790
INFO "Program closed" from ndow.close(BuzzWindow.java:81) time: 10:52:54,586
INFO "Program opened" from zGazz.<init>(BuzzGazz.java:41) time: 11:40:05,437
INFO "Program closed" from ndow.close(BuzzWindow.java:81) time: 11:40:33,368
INFO "Program opened" from zGazz.<init>(BuzzGazz.java:41) time: 17:49:06,472
INFO "Program closed" from ndow.close(BuzzWindow.java:81) time: 17:51:34,463
INFO "Program opened" from zGazz.<init>(BuzzGazz.java:41) time: 17:54:05,838
INFO "Program opened" from zGazz.<init>(BuzzGazz.java:41) time: 17:55:37,744
INFO "Program opened" from zGazz.<init>(BuzzGazz.java:41) time: 17:56:17,825
INFO "Program closed" from ndow.close(BuzzWindow.java:81) time: 17:59:52,316
INFO "Program opened" from zGazz.<init>(BuzzGazz.java:41) time: 03:21:47,395
INFO "Program closed" from ndow.close(BuzzWindow.java:81) time: 03:22:40,338
INFO "Program opened" from zGazz.<init>(BuzzGazz.java:41) time: 03:22:43,315
INFO "Program opened" from zGazz.<init>(BuzzGazz.java:41) time: 03:24:09,402
INFO "Program closed" from ndow.close(BuzzWindow.java:81) time: 03:24:09,749
INFO "Program opened" from zGazz.<init>(BuzzGazz.java:41) time: 03:25:58,911
INFO "Program closed" from ndow.close(BuzzWindow.java:81) time: 03:26:38,222
INFO "Program opened" from zGazz.<init>(BuzzGazz.java:41) time: 03:26:43,190
INFO "Program closed" from ndow.close(BuzzWindow.java:81) time: 03:27:05,475
INFO "Program opened" from zGazz.<init>(BuzzGazz.java:41) time: 03:27:10,806
INFO "Program closed" from ndow.close(BuzzWindow.java:81) time: 04:28:38,485
INFO "Program opened" from zGazz.<init>(BuzzGazz.java:41) time: 09:48:51,927
INFO "film added(name: matrixauthor: Vachovski time: 2:16:0 date: 31:3:1999)" from ions$1(AddFilmWindow.java:182) time: 09:50:35,393
INFO "session added(film: matrix time: 15:30:0 date: 1:12:2020)" from s$2(AddSessionWindow.java:176) time: 09:51:05,176
INFO "session added(film: Star Wars Episode 1 The Phantom Menace time: 19:0:0 date: 25:11:2020)" from s$2(AddSessionWindow.java:176) time: 09:51:18,128
INFO "session added(film: Kapusta time: 9:45:0 date: 27:11:2020)" from s$2(AddSessionWindow.java:176) time: 09:51:40,036
INFO "Program closed" from ndow.close(BuzzWindow.java:81) time: 09:51:44,515
INFO "Program opened" from zGazz.<init>(BuzzGazz.java:41) time: 09:51:48,214
INFO "session added(film: Star Wars Episode 1 The Phantom Menace time: 18:0:0 date: 1:12:2020)" from s$2(AddSessionWindow.java:176) time: 09:52:15,228
INFO "session added(film: matrix time: 23:0:0 date: 1:12:2020)" from s$2(AddSessionWindow.java:176) time: 09:52:31,966
INFO "Program closed" from ndow.close(BuzzWindow.java:81) time: 09:52:42,909
INFO "Program opened" from zGazz.<init>(BuzzGazz.java:41) time: 09:58:31,814
INFO "session added(film: matrix time: 15:0:0 date: 1:12:2020)" from s$2(AddSessionWindow.java:176) time: 10:00:10,350
INFO "film added(name: cat warsauthor: a200 time: 2:0:0 date: 1:12:2020)" from ions$1(AddFilmWindow.java:182) time: 10:01:19,815
INFO "session added(film: cat wars time: 15:0:0 date: 1:12:2020)" from s$2(AddSessionWindow.java:176) time: 10:01:51,226
INFO "Program closed" from ndow.close(BuzzWindow.java:81) time: 10:02:15,300
INFO "Program opened" from zGazz.<init>(BuzzGazz.java:41) time: 10:02:18,911
INFO "Program closed" from ndow.close(BuzzWindow.java:81) time: 10:02:30,384
INFO "Program opened" from zGazz.<init>(BuzzGazz.java:41) time: 10:03:00,287
INFO "Program closed" from ndow.close(BuzzWindow.java:81) time: 10:03:32,500
INFO "Program opened" from zGazz.<init>(BuzzGazz.java:41) time: 10:03:45,779
INFO "session added(film: cat wars time: 15:0:0 date: 1:12:2020)" from s$2(AddSessionWindow.java:176) time: 10:05:27,598
INFO "film added(name: fimanauthor: alex xalex time: 2:0:0 date: 1:12:2020)" from ions$1(AddFilmWindow.java:182) time: 10:06:11,086
INFO "session added(film: fiman time: 13:0:0 date: 1:12:2020)" from s$2(AddSessionWindow.java:176) time: 10:06:49,733
INFO "session removed(film: cat wars time: 15:0:10 date: 1:12:2020)" from ions.remove(Sessions.java:257) time: 10:07:06,980
INFO "session removed(film: cat wars time: 15:0:0 date: 1:12:2020)" from ions.remove(Sessions.java:257) time: 10:07:06,980
INFO "film removed(film: cat wars length: 2:10:0 creation date: 1:12:2020)" from z.Films.remove(Films.java:111) time: 10:07:24,476
INFO "Program closed" from ndow.close(BuzzWindow.java:81) time: 10:07:31,017
INFO "Program opened" from zGazz.<init>(BuzzGazz.java:41) time: 10:20:58,729
INFO "Program closed" from ndow.close(BuzzWindow.java:81) time: 10:21:05,959
INFO "Program opened" from zGazz.<init>(BuzzGazz.java:41) time: 10:22:12,467
INFO "Program closed" from ndow.close(BuzzWindow.java:81) time: 10:22:18,211
INFO "Program opened" from zGazz.<init>(BuzzGazz.java:41) time: 10:23:29,645
INFO "Program closed" from ndow.close(BuzzWindow.java:81) time: 10:23:34,960
INFO "Program opened" from zGazz.<init>(BuzzGazz.java:41) time: 10:24:19,283
INFO "Program closed" from ndow.close(BuzzWindow.java:81) time: 10:24:25,847
INFO "Program opened" from zGazz.<init>(BuzzGazz.java:41) time: 10:24:46,275
INFO "film added(name: aauthor: a a time: 1:0:0 date: 1:12:2020)" from ions$1(AddFilmWindow.java:182) time: 10:25:03,840
INFO "session added(film: a time: 1:0:0 date: 1:12:2020)" from s$2(AddSessionWindow.java:176) time: 10:25:13,560
INFO "Program closed" from ndow.close(BuzzWindow.java:81) time: 10:25:20,971
INFO "Program opened" from zGazz.<init>(BuzzGazz.java:41) time: 10:25:24,836
INFO "session removed(film: a time: 1:0:0 date: 1:12:2020)" from ions.remove(Sessions.java:238) time: 10:25:27,678
INFO "film removed(film: a length: 1:0:0 creation date: 1:12:2020)" from z.Films.remove(Films.java:122) time: 10:25:32,110
INFO "Program closed" from ndow.close(BuzzWindow.java:81) time: 10:25:36,347
INFO "Program opened" from zGazz.<init>(BuzzGazz.java:41) time: 10:25:40,631
INFO "Program closed" from ndow.close(BuzzWindow.java:81) time: 10:25:54,331
INFO "Program opened" from zGazz.<init>(BuzzGazz.java:41) time: 10:26:06,658
INFO "session added(film: matrix time: 15:0:0 date: 1:12:2020)" from s$2(AddSessionWindow.java:176) time: 10:27:20,840
INFO "film added(name: cat warsauthor: ale ali time: 2:0:0 date: 1:12:2020)" from ions$1(AddFilmWindow.java:182) time: 10:28:07,914
INFO "session added(film: cat wars time: 20:0:0 date: 0:12:102020)" from s$2(AddSessionWindow.java:176) time: 10:28:29,985
INFO "session removed(film: Star Wars Episode 1 The Phantom Menace time: 15:0:0 date: 25:11:2020)" from ions.remove(Sessions.java:257) time: 10:28:50,565
INFO "session removed(film: Star Wars Episode 1 The Phantom Menace time: 13:0:0 date: 25:11:2020)" from ions.remove(Sessions.java:257) time: 10:28:50,566
INFO "session removed(film: cat wars time: 20:0:0 date: 0:12:102020)" from ions.remove(Sessions.java:238) time: 10:29:06,414
INFO "film removed(film: cat wars length: 2:0:0 creation date: 1:12:2020)" from z.Films.remove(Films.java:122) time: 10:29:10,115
INFO "Program closed" from ndow.close(BuzzWindow.java:81) time: 10:29:16,563
INFO "Program opened" from zGazz.<init>(BuzzGazz.java:41) time: 10:29:20,078
INFO "Program closed" from ndow.close(BuzzWindow.java:81) time: 10:29:31,659
INFO "Program opened" from zGazz.<init>(BuzzGazz.java:41) time: 10:53:41,576
INFO "Program closed" from ndow.close(BuzzWindow.java:81) time: 10:53:47,995
